<?xml version="1.0" encoding="UTF-8"?>
<!-- Generated by org.testng.reporters.JUnitXMLReporter -->
<testsuite hostname="Iliyan" name="MarketPlaceScreenshotsLanguageSpanish" tests="8" failures="0" timestamp="17 Sep 2016 07:15:49 GMT" time="18.678" errors="0">
  <testcase name="@BeforeMethod setUp" time="0.0" classname="MarketPlaceLocalizationTests.MarketPlaceLocalizationTests">
    <failure type="org.openqa.selenium.NoSuchWindowException" message="no such window: target window already closed
from unknown error: web view not found
  (Session info: chrome=52.0.2743.116)
  (Driver info: chromedriver=2.23.409699 (49b0fa931cda1caad0ae15b7d1b68004acd05129),platform=Windows NT 10.0.14393 x86_64) (WARNING: The server did not provide any stacktrace information)
Command duration or timeout: 8 milliseconds
Build info: version: &amp;apos;2.53.0&amp;apos;, revision: &amp;apos;35ae25b&amp;apos;, time: &amp;apos;2016-03-15 16:57:40&amp;apos;
System info: host: &amp;apos;Iliyan&amp;apos;, ip: &amp;apos;10.185.4.39&amp;apos;, os.name: &amp;apos;Windows 10&amp;apos;, os.arch: &amp;apos;amd64&amp;apos;, os.version: &amp;apos;10.0&amp;apos;, java.version: &amp;apos;1.8.0_101&amp;apos;
Driver info: org.openqa.selenium.chrome.ChromeDriver
Capabilities [{applicationCacheEnabled=false, rotatable=false, mobileEmulationEnabled=false, networkConnectionEnabled=false, chrome={chromedriverVersion=2.23.409699 (49b0fa931cda1caad0ae15b7d1b68004acd05129), userDataDir=C:\Users\Dobri\AppData\Local\Temp\scoped_dir1608_20266}, takesHeapSnapshot=true, databaseEnabled=false, handlesAlerts=true, hasTouchScreen=false, version=52.0.2743.116, platform=XP, browserConnectionEnabled=false, nativeEvents=true, acceptSslCerts=true, locationContextEnabled=true, webStorageEnabled=true, browserName=chrome, takesScreenshot=true, javascriptEnabled=true, cssSelectorsEnabled=true}]
Session ID: 10d07f419ffa218bb71b8d50a3c4914b
*** Element info: {Using=css selector, value=div.adb-dropdown &amp;gt; select}">
      <![CDATA[org.openqa.selenium.NoSuchWindowException: no such window: target window already closed
from unknown error: web view not found
  (Session info: chrome=52.0.2743.116)
  (Driver info: chromedriver=2.23.409699 (49b0fa931cda1caad0ae15b7d1b68004acd05129),platform=Windows NT 10.0.14393 x86_64) (WARNING: The server did not provide any stacktrace information)
Command duration or timeout: 8 milliseconds
Build info: version: '2.53.0', revision: '35ae25b', time: '2016-03-15 16:57:40'
System info: host: 'Iliyan', ip: '10.185.4.39', os.name: 'Windows 10', os.arch: 'amd64', os.version: '10.0', java.version: '1.8.0_101'
Driver info: org.openqa.selenium.chrome.ChromeDriver
Capabilities [{applicationCacheEnabled=false, rotatable=false, mobileEmulationEnabled=false, networkConnectionEnabled=false, chrome={chromedriverVersion=2.23.409699 (49b0fa931cda1caad0ae15b7d1b68004acd05129), userDataDir=C:\Users\Dobri\AppData\Local\Temp\scoped_dir1608_20266}, takesHeapSnapshot=true, databaseEnabled=false, handlesAlerts=true, hasTouchScreen=false, version=52.0.2743.116, platform=XP, browserConnectionEnabled=false, nativeEvents=true, acceptSslCerts=true, locationContextEnabled=true, webStorageEnabled=true, browserName=chrome, takesScreenshot=true, javascriptEnabled=true, cssSelectorsEnabled=true}]
Session ID: 10d07f419ffa218bb71b8d50a3c4914b
*** Element info: {Using=css selector, value=div.adb-dropdown > select}
	at org.openqa.selenium.remote.ErrorHandler.createThrowable(ErrorHandler.java:206)
	at org.openqa.selenium.remote.ErrorHandler.throwIfResponseFailed(ErrorHandler.java:158)
	at org.openqa.selenium.remote.RemoteWebDriver.execute(RemoteWebDriver.java:678)
	at org.openqa.selenium.remote.RemoteWebDriver.findElement(RemoteWebDriver.java:363)
	at org.openqa.selenium.remote.RemoteWebDriver.findElementByCssSelector(RemoteWebDriver.java:492)
	at org.openqa.selenium.By$ByCssSelector.findElement(By.java:430)
	at org.openqa.selenium.remote.RemoteWebDriver.findElement(RemoteWebDriver.java:355)
	at org.openqa.selenium.support.pagefactory.DefaultElementLocator.findElement(DefaultElementLocator.java:69)
	at org.openqa.selenium.support.pagefactory.internal.LocatingElementHandler.invoke(LocatingElementHandler.java:38)
	at com.sun.proxy.$Proxy8.getTagName(Unknown Source)
	at org.openqa.selenium.support.ui.Select.<init>(Select.java:44)
	at Pages.MarketPlaceHomePageBeforeLogin.changeLanguage(MarketPlaceHomePageBeforeLogin.java:59)
	at BaseClassFixture.BaseClass.setUp(BaseClass.java:22)
... Removed 31 stack frames]]>
    </failure>
  </testcase> <!-- @BeforeMethod setUp -->
  <testcase name="@AfterMethod closeBrowser" time="0.0" classname="MarketPlaceLocalizationTests.MarketPlaceLocalizationTests">
    <skipped/>
  </testcase> <!-- @AfterMethod closeBrowser -->
  <testcase name="@BeforeMethod setUp" time="0.0" classname="MarketPlaceLocalizationTests.MarketPlaceLocalizationTests">
    <skipped/>
  </testcase> <!-- @BeforeMethod setUp -->
  <testcase name="@AfterMethod closeBrowser" time="0.0" classname="MarketPlaceLocalizationTests.MarketPlaceLocalizationTests">
    <skipped/>
  </testcase> <!-- @AfterMethod closeBrowser -->
  <testcase name="@BeforeMethod setUp" time="0.0" classname="MarketPlaceLocalizationTests.MarketPlaceLocalizationTests">
    <skipped/>
  </testcase> <!-- @BeforeMethod setUp -->
  <testcase name="@AfterMethod closeBrowser" time="0.0" classname="MarketPlaceLocalizationTests.MarketPlaceLocalizationTests">
    <skipped/>
  </testcase> <!-- @AfterMethod closeBrowser -->
  <testcase name="@BeforeMethod setUp" time="0.0" classname="MarketPlaceLocalizationTests.MarketPlaceLocalizationTests">
    <skipped/>
  </testcase> <!-- @BeforeMethod setUp -->
  <testcase name="@AfterMethod closeBrowser" time="0.0" classname="MarketPlaceLocalizationTests.MarketPlaceLocalizationTests">
    <skipped/>
  </testcase> <!-- @AfterMethod closeBrowser -->
  <testcase name="@BeforeMethod setUp" time="0.0" classname="MarketPlaceLocalizationTests.MarketPlaceLocalizationTests">
    <skipped/>
  </testcase> <!-- @BeforeMethod setUp -->
  <testcase name="@AfterMethod closeBrowser" time="0.0" classname="MarketPlaceLocalizationTests.MarketPlaceLocalizationTests">
    <skipped/>
  </testcase> <!-- @AfterMethod closeBrowser -->
  <testcase name="@BeforeMethod setUp" time="0.0" classname="MarketPlaceLocalizationTests.MarketPlaceLocalizationTests">
    <skipped/>
  </testcase> <!-- @BeforeMethod setUp -->
  <testcase name="@AfterMethod closeBrowser" time="0.0" classname="MarketPlaceLocalizationTests.MarketPlaceLocalizationTests">
    <skipped/>
  </testcase> <!-- @AfterMethod closeBrowser -->
  <testcase name="@BeforeMethod setUp" time="0.0" classname="MarketPlaceLocalizationTests.MarketPlaceLocalizationTests">
    <skipped/>
  </testcase> <!-- @BeforeMethod setUp -->
  <testcase name="@AfterMethod closeBrowser" time="0.0" classname="MarketPlaceLocalizationTests.MarketPlaceLocalizationTests">
    <skipped/>
  </testcase> <!-- @AfterMethod closeBrowser -->
  <testcase name="FAQ" time="2.35" classname="MarketPlaceLocalizationTests.MarketPlaceLocalizationTests"/>
  <testcase name="allApps" time="0.001" classname="MarketPlaceLocalizationTests.MarketPlaceLocalizationTests">
    <skipped/>
  </testcase> <!-- allApps -->
  <testcase name="bambooPaper" time="0.001" classname="MarketPlaceLocalizationTests.MarketPlaceLocalizationTests">
    <skipped/>
  </testcase> <!-- bambooPaper -->
  <testcase name="inkspace" time="0.001" classname="MarketPlaceLocalizationTests.MarketPlaceLocalizationTests">
    <skipped/>
  </testcase> <!-- inkspace -->
  <testcase name="signProPDF" time="0.0" classname="MarketPlaceLocalizationTests.MarketPlaceLocalizationTests">
    <skipped/>
  </testcase> <!-- signProPDF -->
  <testcase name="tabs" time="0.001" classname="MarketPlaceLocalizationTests.MarketPlaceLocalizationTests">
    <skipped/>
  </testcase> <!-- tabs -->
  <testcase name="userIsLoggedIn" time="0.001" classname="MarketPlaceLocalizationTests.MarketPlaceLocalizationTests">
    <skipped/>
  </testcase> <!-- userIsLoggedIn -->
  <testcase name="wacomInkspaceApp" time="0.001" classname="MarketPlaceLocalizationTests.MarketPlaceLocalizationTests">
    <skipped/>
  </testcase> <!-- wacomInkspaceApp -->
</testsuite> <!-- MarketPlaceScreenshotsLanguageSpanish -->
